Build output check failed:
    Regex: 'command[- ]line option .* is valid for .* but not for C\+\+'
    Output line: 'cc1plus: warning: command line option ‘-Wmissing-prototypes’ is valid for C/ObjC but not for C++'
Compilation failed:
    source file: '/home/jmugicagonz/LaneDetectionV2/build/CMakeFiles/CMakeTmp/src.cxx'
    check option: ' -fsigned-char -W -Wall -Werror=return-type -Werror=non-virtual-dtor -Werror=address -Werror=sequence-point -Wformat -Werror=format-security -Wmissing-declarations  -Wmissing-prototypes'
===== BUILD LOG =====
Change Dir: /home/jmugicagonz/LaneDetectionV2/build/CMakeFiles/CMakeTmp

Run Build Command:"/usr/bin/make" "cmTC_ccc02/fast"
/usr/bin/make -f CMakeFiles/cmTC_ccc02.dir/build.make CMakeFiles/cmTC_ccc02.dir/build
make[1]: Entering directory '/home/jmugicagonz/LaneDetectionV2/build/CMakeFiles/CMakeTmp'
Building CXX object CMakeFiles/cmTC_ccc02.dir/src.cxx.o
/usr/bin/c++     -O3 -DNDEBUG -fPIE   -fsigned-char -W -Wall -Werror=return-type -Werror=non-virtual-dtor -Werror=address -Werror=sequence-point -Wformat -Werror=format-security -Wmissing-declarations -Wmissing-prototypes -std=c++11 -o CMakeFiles/cmTC_ccc02.dir/src.cxx.o -c /home/jmugicagonz/LaneDetectionV2/build/CMakeFiles/CMakeTmp/src.cxx
cc1plus: warning: command line option ‘-Wmissing-prototypes’ is valid for C/ObjC but not for C++
/home/jmugicagonz/LaneDetectionV2/build/CMakeFiles/CMakeTmp/src.cxx:1:0: warning: ignoring #pragma   [-Wunknown-pragmas]
 #pragma
 ^
Linking CXX executable cmTC_ccc02
/usr/bin/cmake -E cmake_link_script CMakeFiles/cmTC_ccc02.dir/link.txt --verbose=1
/usr/bin/c++     -O3 -DNDEBUG    CMakeFiles/cmTC_ccc02.dir/src.cxx.o  -o cmTC_ccc02 
make[1]: Leaving directory '/home/jmugicagonz/LaneDetectionV2/build/CMakeFiles/CMakeTmp'

===== END =====

Build output check failed:
    Regex: 'command[- ]line option .* is valid for .* but not for C\+\+'
    Output line: 'cc1plus: warning: command line option ‘-Wstrict-prototypes’ is valid for C/ObjC but not for C++'
Compilation failed:
    source file: '/home/jmugicagonz/LaneDetectionV2/build/CMakeFiles/CMakeTmp/src.cxx'
    check option: ' -fsigned-char -W -Wall -Werror=return-type -Werror=non-virtual-dtor -Werror=address -Werror=sequence-point -Wformat -Werror=format-security -Wmissing-declarations  -Wstrict-prototypes'
===== BUILD LOG =====
Change Dir: /home/jmugicagonz/LaneDetectionV2/build/CMakeFiles/CMakeTmp

Run Build Command:"/usr/bin/make" "cmTC_448bd/fast"
/usr/bin/make -f CMakeFiles/cmTC_448bd.dir/build.make CMakeFiles/cmTC_448bd.dir/build
make[1]: Entering directory '/home/jmugicagonz/LaneDetectionV2/build/CMakeFiles/CMakeTmp'
Building CXX object CMakeFiles/cmTC_448bd.dir/src.cxx.o
/usr/bin/c++     -O3 -DNDEBUG -fPIE   -fsigned-char -W -Wall -Werror=return-type -Werror=non-virtual-dtor -Werror=address -Werror=sequence-point -Wformat -Werror=format-security -Wmissing-declarations -Wstrict-prototypes -std=c++11 -o CMakeFiles/cmTC_448bd.dir/src.cxx.o -c /home/jmugicagonz/LaneDetectionV2/build/CMakeFiles/CMakeTmp/src.cxx
cc1plus: warning: command line option ‘-Wstrict-prototypes’ is valid for C/ObjC but not for C++
/home/jmugicagonz/LaneDetectionV2/build/CMakeFiles/CMakeTmp/src.cxx:1:0: warning: ignoring #pragma   [-Wunknown-pragmas]
 #pragma
 ^
Linking CXX executable cmTC_448bd
/usr/bin/cmake -E cmake_link_script CMakeFiles/cmTC_448bd.dir/link.txt --verbose=1
/usr/bin/c++     -O3 -DNDEBUG    CMakeFiles/cmTC_448bd.dir/src.cxx.o  -o cmTC_448bd 
make[1]: Leaving directory '/home/jmugicagonz/LaneDetectionV2/build/CMakeFiles/CMakeTmp'

===== END =====

Build output check failed:
    Regex: 'command[- ]line option .* is valid for .* but not for C'
    Output line: 'cc1: warning: command line option ‘-Wsign-promo’ is valid for C++/ObjC++ but not for C'
Compilation failed:
    source file: '/home/jmugicagonz/LaneDetectionV2/build/CMakeFiles/CMakeTmp/src.c'
    check option: ' -fsigned-char -W -Wall -Werror=return-type -Werror=non-virtual-dtor -Werror=address -Werror=sequence-point -Wformat -Werror=format-security -Wmissing-declarations -Wmissing-prototypes -Wstrict-prototypes -Wundef -Winit-self -Wpointer-arith -Wshadow  -Wsign-promo'
===== BUILD LOG =====
Change Dir: /home/jmugicagonz/LaneDetectionV2/build/CMakeFiles/CMakeTmp

Run Build Command:"/usr/bin/make" "cmTC_5b1e5/fast"
/usr/bin/make -f CMakeFiles/cmTC_5b1e5.dir/build.make CMakeFiles/cmTC_5b1e5.dir/build
make[1]: Entering directory '/home/jmugicagonz/LaneDetectionV2/build/CMakeFiles/CMakeTmp'
Building C object CMakeFiles/cmTC_5b1e5.dir/src.c.o
/usr/bin/cc    -O3 -DNDEBUG -fPIE   -fsigned-char -W -Wall -Werror=return-type -Werror=non-virtual-dtor -Werror=address -Werror=sequence-point -Wformat -Werror=format-security -Wmissing-declarations -Wmissing-prototypes -Wstrict-prototypes -Wundef -Winit-self -Wpointer-arith -Wshadow -Wsign-promo -o CMakeFiles/cmTC_5b1e5.dir/src.c.o   -c /home/jmugicagonz/LaneDetectionV2/build/CMakeFiles/CMakeTmp/src.c
cc1: warning: command line option ‘-Wsign-promo’ is valid for C++/ObjC++ but not for C
/home/jmugicagonz/LaneDetectionV2/build/CMakeFiles/CMakeTmp/src.c:1:0: warning: ignoring #pragma   [-Wunknown-pragmas]
 #pragma
 ^
Linking C executable cmTC_5b1e5
/usr/bin/cmake -E cmake_link_script CMakeFiles/cmTC_5b1e5.dir/link.txt --verbose=1
/usr/bin/cc    -O3 -DNDEBUG    CMakeFiles/cmTC_5b1e5.dir/src.c.o  -o cmTC_5b1e5 
make[1]: Leaving directory '/home/jmugicagonz/LaneDetectionV2/build/CMakeFiles/CMakeTmp'

===== END =====

Build output check failed:
    Regex: 'command[- ]line option .* is valid for .* but not for C'
    Output line: 'cc1: warning: command line option ‘-Wsuggest-override’ is valid for C++/ObjC++ but not for C'
Compilation failed:
    source file: '/home/jmugicagonz/LaneDetectionV2/build/CMakeFiles/CMakeTmp/src.c'
    check option: ' -fsigned-char -W -Wall -Werror=return-type -Werror=non-virtual-dtor -Werror=address -Werror=sequence-point -Wformat -Werror=format-security -Wmissing-declarations -Wmissing-prototypes -Wstrict-prototypes -Wundef -Winit-self -Wpointer-arith -Wshadow -Wuninitialized -Winit-self  -Wsuggest-override'
===== BUILD LOG =====
Change Dir: /home/jmugicagonz/LaneDetectionV2/build/CMakeFiles/CMakeTmp

Run Build Command:"/usr/bin/make" "cmTC_30215/fast"
/usr/bin/make -f CMakeFiles/cmTC_30215.dir/build.make CMakeFiles/cmTC_30215.dir/build
make[1]: Entering directory '/home/jmugicagonz/LaneDetectionV2/build/CMakeFiles/CMakeTmp'
Building C object CMakeFiles/cmTC_30215.dir/src.c.o
/usr/bin/cc    -O3 -DNDEBUG -fPIE   -fsigned-char -W -Wall -Werror=return-type -Werror=non-virtual-dtor -Werror=address -Werror=sequence-point -Wformat -Werror=format-security -Wmissing-declarations -Wmissing-prototypes -Wstrict-prototypes -Wundef -Winit-self -Wpointer-arith -Wshadow -Wuninitialized -Winit-self -Wsuggest-override -o CMakeFiles/cmTC_30215.dir/src.c.o   -c /home/jmugicagonz/LaneDetectionV2/build/CMakeFiles/CMakeTmp/src.c
cc1: warning: command line option ‘-Wsuggest-override’ is valid for C++/ObjC++ but not for C
/home/jmugicagonz/LaneDetectionV2/build/CMakeFiles/CMakeTmp/src.c:1:0: warning: ignoring #pragma   [-Wunknown-pragmas]
 #pragma
 ^
Linking C executable cmTC_30215
/usr/bin/cmake -E cmake_link_script CMakeFiles/cmTC_30215.dir/link.txt --verbose=1
/usr/bin/cc    -O3 -DNDEBUG    CMakeFiles/cmTC_30215.dir/src.c.o  -o cmTC_30215 
make[1]: Leaving directory '/home/jmugicagonz/LaneDetectionV2/build/CMakeFiles/CMakeTmp'

===== END =====

Build output check failed:
    Regex: 'command[- ]line option .* is valid for .* but not for C'
    Output line: 'cc1: warning: command line option ‘-Wno-delete-non-virtual-dtor’ is valid for C++/ObjC++ but not for C'
Compilation failed:
    source file: '/home/jmugicagonz/LaneDetectionV2/build/CMakeFiles/CMakeTmp/src.c'
    check option: ' -fsigned-char -W -Wall -Werror=return-type -Werror=non-virtual-dtor -Werror=address -Werror=sequence-point -Wformat -Werror=format-security -Wmissing-declarations -Wmissing-prototypes -Wstrict-prototypes -Wundef -Winit-self -Wpointer-arith -Wshadow -Wuninitialized -Winit-self  -Wno-delete-non-virtual-dtor'
===== BUILD LOG =====
Change Dir: /home/jmugicagonz/LaneDetectionV2/build/CMakeFiles/CMakeTmp

Run Build Command:"/usr/bin/make" "cmTC_a3472/fast"
/usr/bin/make -f CMakeFiles/cmTC_a3472.dir/build.make CMakeFiles/cmTC_a3472.dir/build
make[1]: Entering directory '/home/jmugicagonz/LaneDetectionV2/build/CMakeFiles/CMakeTmp'
Building C object CMakeFiles/cmTC_a3472.dir/src.c.o
/usr/bin/cc    -O3 -DNDEBUG -fPIE   -fsigned-char -W -Wall -Werror=return-type -Werror=non-virtual-dtor -Werror=address -Werror=sequence-point -Wformat -Werror=format-security -Wmissing-declarations -Wmissing-prototypes -Wstrict-prototypes -Wundef -Winit-self -Wpointer-arith -Wshadow -Wuninitialized -Winit-self -Wno-delete-non-virtual-dtor -o CMakeFiles/cmTC_a3472.dir/src.c.o   -c /home/jmugicagonz/LaneDetectionV2/build/CMakeFiles/CMakeTmp/src.c
cc1: warning: command line option ‘-Wno-delete-non-virtual-dtor’ is valid for C++/ObjC++ but not for C
/home/jmugicagonz/LaneDetectionV2/build/CMakeFiles/CMakeTmp/src.c:1:0: warning: ignoring #pragma   [-Wunknown-pragmas]
 #pragma
 ^
Linking C executable cmTC_a3472
/usr/bin/cmake -E cmake_link_script CMakeFiles/cmTC_a3472.dir/link.txt --verbose=1
/usr/bin/cc    -O3 -DNDEBUG    CMakeFiles/cmTC_a3472.dir/src.c.o  -o cmTC_a3472 
make[1]: Leaving directory '/home/jmugicagonz/LaneDetectionV2/build/CMakeFiles/CMakeTmp'

===== END =====

Build output check failed:
    Regex: 'unrecognized .*option'
    Output line: 'cc1plus: warning: unrecognized command line option ‘-Wno-unnamed-type-template-args’'
Compilation failed:
    source file: '/home/jmugicagonz/LaneDetectionV2/build/CMakeFiles/CMakeTmp/src.cxx'
    check option: ' -fsigned-char -W -Wall -Werror=return-type -Werror=non-virtual-dtor -Werror=address -Werror=sequence-point -Wformat -Werror=format-security -Wmissing-declarations -Wundef -Winit-self -Wpointer-arith -Wshadow -Wsign-promo -Wuninitialized -Winit-self -Wsuggest-override -Wno-delete-non-virtual-dtor  -Wno-unnamed-type-template-args'
===== BUILD LOG =====
Change Dir: /home/jmugicagonz/LaneDetectionV2/build/CMakeFiles/CMakeTmp

Run Build Command:"/usr/bin/make" "cmTC_9bdcd/fast"
/usr/bin/make -f CMakeFiles/cmTC_9bdcd.dir/build.make CMakeFiles/cmTC_9bdcd.dir/build
make[1]: Entering directory '/home/jmugicagonz/LaneDetectionV2/build/CMakeFiles/CMakeTmp'
Building CXX object CMakeFiles/cmTC_9bdcd.dir/src.cxx.o
/usr/bin/c++     -O3 -DNDEBUG -fPIE   -fsigned-char -W -Wall -Werror=return-type -Werror=non-virtual-dtor -Werror=address -Werror=sequence-point -Wformat -Werror=format-security -Wmissing-declarations -Wundef -Winit-self -Wpointer-arith -Wshadow -Wsign-promo -Wuninitialized -Winit-self -Wsuggest-override -Wno-delete-non-virtual-dtor -Wno-unnamed-type-template-args -std=c++11 -o CMakeFiles/cmTC_9bdcd.dir/src.cxx.o -c /home/jmugicagonz/LaneDetectionV2/build/CMakeFiles/CMakeTmp/src.cxx
/home/jmugicagonz/LaneDetectionV2/build/CMakeFiles/CMakeTmp/src.cxx:1:0: warning: ignoring #pragma   [-Wunknown-pragmas]
 #pragma
 ^
cc1plus: warning: unrecognized command line option ‘-Wno-unnamed-type-template-args’
Linking CXX executable cmTC_9bdcd
/usr/bin/cmake -E cmake_link_script CMakeFiles/cmTC_9bdcd.dir/link.txt --verbose=1
/usr/bin/c++     -O3 -DNDEBUG    CMakeFiles/cmTC_9bdcd.dir/src.cxx.o  -o cmTC_9bdcd 
make[1]: Leaving directory '/home/jmugicagonz/LaneDetectionV2/build/CMakeFiles/CMakeTmp'

===== END =====

Build output check failed:
    Regex: 'unrecognized .*option'
    Output line: 'cc1: warning: unrecognized command line option ‘-Wno-unnamed-type-template-args’'
Compilation failed:
    source file: '/home/jmugicagonz/LaneDetectionV2/build/CMakeFiles/CMakeTmp/src.c'
    check option: ' -fsigned-char -W -Wall -Werror=return-type -Werror=non-virtual-dtor -Werror=address -Werror=sequence-point -Wformat -Werror=format-security -Wmissing-declarations -Wmissing-prototypes -Wstrict-prototypes -Wundef -Winit-self -Wpointer-arith -Wshadow -Wuninitialized -Winit-self  -Wno-unnamed-type-template-args'
===== BUILD LOG =====
Change Dir: /home/jmugicagonz/LaneDetectionV2/build/CMakeFiles/CMakeTmp

Run Build Command:"/usr/bin/make" "cmTC_845f1/fast"
/usr/bin/make -f CMakeFiles/cmTC_845f1.dir/build.make CMakeFiles/cmTC_845f1.dir/build
make[1]: Entering directory '/home/jmugicagonz/LaneDetectionV2/build/CMakeFiles/CMakeTmp'
Building C object CMakeFiles/cmTC_845f1.dir/src.c.o
/usr/bin/cc    -O3 -DNDEBUG -fPIE   -fsigned-char -W -Wall -Werror=return-type -Werror=non-virtual-dtor -Werror=address -Werror=sequence-point -Wformat -Werror=format-security -Wmissing-declarations -Wmissing-prototypes -Wstrict-prototypes -Wundef -Winit-self -Wpointer-arith -Wshadow -Wuninitialized -Winit-self -Wno-unnamed-type-template-args -o CMakeFiles/cmTC_845f1.dir/src.c.o   -c /home/jmugicagonz/LaneDetectionV2/build/CMakeFiles/CMakeTmp/src.c
/home/jmugicagonz/LaneDetectionV2/build/CMakeFiles/CMakeTmp/src.c:1:0: warning: ignoring #pragma   [-Wunknown-pragmas]
 #pragma
 ^
cc1: warning: unrecognized command line option ‘-Wno-unnamed-type-template-args’
Linking C executable cmTC_845f1
/usr/bin/cmake -E cmake_link_script CMakeFiles/cmTC_845f1.dir/link.txt --verbose=1
/usr/bin/cc    -O3 -DNDEBUG    CMakeFiles/cmTC_845f1.dir/src.c.o  -o cmTC_845f1 
make[1]: Leaving directory '/home/jmugicagonz/LaneDetectionV2/build/CMakeFiles/CMakeTmp'

===== END =====

Build output check failed:
    Regex: 'command[- ]line option .* is valid for .* but not for C'
    Output line: 'cc1: warning: command line option ‘-fvisibility-inlines-hidden’ is valid for C++/ObjC++ but not for C'
Compilation failed:
    source file: '/home/jmugicagonz/LaneDetectionV2/build/CMakeFiles/CMakeTmp/src.c'
    check option: ' -fsigned-char -W -Wall -Werror=return-type -Werror=non-virtual-dtor -Werror=address -Werror=sequence-point -Wformat -Werror=format-security -Wmissing-declarations -Wmissing-prototypes -Wstrict-prototypes -Wundef -Winit-self -Wpointer-arith -Wshadow -Wuninitialized -Winit-self -Wno-comment -fdiagnostics-show-option -Wno-long-long -pthread -fomit-frame-pointer -ffunction-sections -fdata-sections  -msse -msse2 -msse3 -fvisibility=hidden  -fvisibility-inlines-hidden'
===== BUILD LOG =====
Change Dir: /home/jmugicagonz/LaneDetectionV2/build/CMakeFiles/CMakeTmp

Run Build Command:"/usr/bin/make" "cmTC_f2be2/fast"
/usr/bin/make -f CMakeFiles/cmTC_f2be2.dir/build.make CMakeFiles/cmTC_f2be2.dir/build
make[1]: Entering directory '/home/jmugicagonz/LaneDetectionV2/build/CMakeFiles/CMakeTmp'
Building C object CMakeFiles/cmTC_f2be2.dir/src.c.o
/usr/bin/cc    -O3 -DNDEBUG -fPIE   -fsigned-char -W -Wall -Werror=return-type -Werror=non-virtual-dtor -Werror=address -Werror=sequence-point -Wformat -Werror=format-security -Wmissing-declarations -Wmissing-prototypes -Wstrict-prototypes -Wundef -Winit-self -Wpointer-arith -Wshadow -Wuninitialized -Winit-self -Wno-comment -fdiagnostics-show-option -Wno-long-long -pthread -fomit-frame-pointer -ffunction-sections -fdata-sections -msse -msse2 -msse3 -fvisibility=hidden -fvisibility-inlines-hidden -o CMakeFiles/cmTC_f2be2.dir/src.c.o   -c /home/jmugicagonz/LaneDetectionV2/build/CMakeFiles/CMakeTmp/src.c
cc1: warning: command line option ‘-fvisibility-inlines-hidden’ is valid for C++/ObjC++ but not for C
/home/jmugicagonz/LaneDetectionV2/build/CMakeFiles/CMakeTmp/src.c:1:0: warning: ignoring #pragma   [-Wunknown-pragmas]
 #pragma
 ^
Linking C executable cmTC_f2be2
/usr/bin/cmake -E cmake_link_script CMakeFiles/cmTC_f2be2.dir/link.txt --verbose=1
/usr/bin/cc    -O3 -DNDEBUG    CMakeFiles/cmTC_f2be2.dir/src.c.o  -o cmTC_f2be2 
make[1]: Leaving directory '/home/jmugicagonz/LaneDetectionV2/build/CMakeFiles/CMakeTmp'

===== END =====

Determining if the system is big endian passed with the following output:
Change Dir: /home/jmugicagonz/LaneDetectionV2/build/CMakeFiles/CMakeTmp

Run Build Command:"/usr/bin/make" "cmTC_6fa51/fast"
/usr/bin/make -f CMakeFiles/cmTC_6fa51.dir/build.make CMakeFiles/cmTC_6fa51.dir/build
make[1]: Entering directory '/home/jmugicagonz/LaneDetectionV2/build/CMakeFiles/CMakeTmp'
Building C object CMakeFiles/cmTC_6fa51.dir/TestEndianess.c.o
/usr/bin/cc    -fsigned-char -W -Wall -Werror=return-type -Werror=non-virtual-dtor -Werror=address -Werror=sequence-point -Wformat -Werror=format-security -Wmissing-declarations -Wmissing-prototypes -Wstrict-prototypes -Wundef -Winit-self -Wpointer-arith -Wshadow -Wuninitialized -Winit-self -Wno-comment -fdiagnostics-show-option -Wno-long-long -pthread -fomit-frame-pointer -ffunction-sections -fdata-sections  -msse -msse2 -msse3 -fvisibility=hidden  -O3 -DNDEBUG -fPIE   -o CMakeFiles/cmTC_6fa51.dir/TestEndianess.c.o   -c /home/jmugicagonz/LaneDetectionV2/build/CMakeFiles/CMakeTmp/TestEndianess.c
Linking C executable cmTC_6fa51
/usr/bin/cmake -E cmake_link_script CMakeFiles/cmTC_6fa51.dir/link.txt --verbose=1
/usr/bin/cc     -fsigned-char -W -Wall -Werror=return-type -Werror=non-virtual-dtor -Werror=address -Werror=sequence-point -Wformat -Werror=format-security -Wmissing-declarations -Wmissing-prototypes -Wstrict-prototypes -Wundef -Winit-self -Wpointer-arith -Wshadow -Wuninitialized -Winit-self -Wno-comment -fdiagnostics-show-option -Wno-long-long -pthread -fomit-frame-pointer -ffunction-sections -fdata-sections  -msse -msse2 -msse3 -fvisibility=hidden  -O3 -DNDEBUG    -Wl,--gc-sections -Wl,--as-needed  CMakeFiles/cmTC_6fa51.dir/TestEndianess.c.o  -o cmTC_6fa51 
make[1]: Leaving directory '/home/jmugicagonz/LaneDetectionV2/build/CMakeFiles/CMakeTmp'

TestEndianess.c:
/* A 16 bit integer is required. */
typedef unsigned short cmakeint16;

/* On a little endian machine, these 16bit ints will give "THIS IS LITTLE ENDIAN."
   On a big endian machine the characters will be exchanged pairwise. */
const cmakeint16 info_little[] =  {0x4854, 0x5349, 0x4920, 0x2053, 0x494c, 0x5454, 0x454c, 0x4520, 0x444e, 0x4149, 0x2e4e, 0x0000};

/* on a big endian machine, these 16bit ints will give "THIS IS BIG ENDIAN."
   On a little endian machine the characters will be exchanged pairwise. */
const cmakeint16 info_big[] =     {0x5448, 0x4953, 0x2049, 0x5320, 0x4249, 0x4720, 0x454e, 0x4449, 0x414e, 0x2e2e, 0x0000};

#ifdef __CLASSIC_C__
int main(argc, argv) int argc; char *argv[];
#else
int main(int argc, char *argv[])
#endif
{
  int require = 0;
  require += info_little[argc];
  require += info_big[argc];
  (void)argv;
  return require;
}


Determining if the system is big endian passed with the following output:
Change Dir: /home/jmugicagonz/LaneDetectionV2/build/CMakeFiles/CMakeTmp

Run Build Command:"/usr/bin/make" "cmTC_47a16/fast"
/usr/bin/make -f CMakeFiles/cmTC_47a16.dir/build.make CMakeFiles/cmTC_47a16.dir/build
make[1]: Entering directory '/home/jmugicagonz/LaneDetectionV2/build/CMakeFiles/CMakeTmp'
Building C object CMakeFiles/cmTC_47a16.dir/TestEndianess.c.o
/usr/bin/cc    -fsigned-char -W -Wall -Werror=return-type -Werror=non-virtual-dtor -Werror=address -Werror=sequence-point -Wformat -Werror=format-security -Wmissing-declarations -Wmissing-prototypes -Wstrict-prototypes -Wundef -Winit-self -Wpointer-arith -Wshadow -Wuninitialized -Winit-self -Wno-comment -fdiagnostics-show-option -Wno-long-long -pthread -fomit-frame-pointer -ffunction-sections -fdata-sections  -msse -msse2 -msse3 -fvisibility=hidden  -O3 -DNDEBUG -fPIE   -o CMakeFiles/cmTC_47a16.dir/TestEndianess.c.o   -c /home/jmugicagonz/LaneDetectionV2/build/CMakeFiles/CMakeTmp/TestEndianess.c
Linking C executable cmTC_47a16
/usr/bin/cmake -E cmake_link_script CMakeFiles/cmTC_47a16.dir/link.txt --verbose=1
/usr/bin/cc     -fsigned-char -W -Wall -Werror=return-type -Werror=non-virtual-dtor -Werror=address -Werror=sequence-point -Wformat -Werror=format-security -Wmissing-declarations -Wmissing-prototypes -Wstrict-prototypes -Wundef -Winit-self -Wpointer-arith -Wshadow -Wuninitialized -Winit-self -Wno-comment -fdiagnostics-show-option -Wno-long-long -pthread -fomit-frame-pointer -ffunction-sections -fdata-sections  -msse -msse2 -msse3 -fvisibility=hidden  -O3 -DNDEBUG    -Wl,--gc-sections -Wl,--as-needed  CMakeFiles/cmTC_47a16.dir/TestEndianess.c.o  -o cmTC_47a16 
make[1]: Leaving directory '/home/jmugicagonz/LaneDetectionV2/build/CMakeFiles/CMakeTmp'

TestEndianess.c:
/* A 16 bit integer is required. */
typedef unsigned short cmakeint16;

/* On a little endian machine, these 16bit ints will give "THIS IS LITTLE ENDIAN."
   On a big endian machine the characters will be exchanged pairwise. */
const cmakeint16 info_little[] =  {0x4854, 0x5349, 0x4920, 0x2053, 0x494c, 0x5454, 0x454c, 0x4520, 0x444e, 0x4149, 0x2e4e, 0x0000};

/* on a big endian machine, these 16bit ints will give "THIS IS BIG ENDIAN."
   On a little endian machine the characters will be exchanged pairwise. */
const cmakeint16 info_big[] =     {0x5448, 0x4953, 0x2049, 0x5320, 0x4249, 0x4720, 0x454e, 0x4449, 0x414e, 0x2e2e, 0x0000};

#ifdef __CLASSIC_C__
int main(argc, argv) int argc; char *argv[];
#else
int main(int argc, char *argv[])
#endif
{
  int require = 0;
  require += info_little[argc];
  require += info_big[argc];
  (void)argv;
  return require;
}


Determining if the _aligned_malloc exist failed with the following output:
Change Dir: /home/jmugicagonz/LaneDetectionV2/build/CMakeFiles/CMakeTmp

Run Build Command:"/usr/bin/make" "cmTC_05be2/fast"
/usr/bin/make -f CMakeFiles/cmTC_05be2.dir/build.make CMakeFiles/cmTC_05be2.dir/build
make[1]: Entering directory '/home/jmugicagonz/LaneDetectionV2/build/CMakeFiles/CMakeTmp'
Building C object CMakeFiles/cmTC_05be2.dir/CheckSymbolExists.c.o
/usr/bin/cc    -fsigned-char -W -Wall -Werror=return-type -Werror=non-virtual-dtor -Werror=address -Werror=sequence-point -Wformat -Werror=format-security -Wmissing-declarations -Wmissing-prototypes -Wstrict-prototypes -Wundef -Winit-self -Wpointer-arith -Wshadow -Wuninitialized -Winit-self -Wno-comment -fdiagnostics-show-option -Wno-long-long -pthread -fomit-frame-pointer -ffunction-sections -fdata-sections  -msse -msse2 -msse3 -fvisibility=hidden  -O3 -DNDEBUG -fPIE   -o CMakeFiles/cmTC_05be2.dir/CheckSymbolExists.c.o   -c /home/jmugicagonz/LaneDetectionV2/build/CMakeFiles/CMakeTmp/CheckSymbolExists.c
/home/jmugicagonz/LaneDetectionV2/build/CMakeFiles/CMakeTmp/CheckSymbolExists.c: In function ‘main’:
/home/jmugicagonz/LaneDetectionV2/build/CMakeFiles/CMakeTmp/CheckSymbolExists.c:8:19: error: ‘_aligned_malloc’ undeclared (first use in this function)
   return ((int*)(&_aligned_malloc))[argc];
                   ^
/home/jmugicagonz/LaneDetectionV2/build/CMakeFiles/CMakeTmp/CheckSymbolExists.c:8:19: note: each undeclared identifier is reported only once for each function it appears in
/home/jmugicagonz/LaneDetectionV2/build/CMakeFiles/CMakeTmp/CheckSymbolExists.c:4:14: warning: parameter ‘argc’ set but not used [-Wunused-but-set-parameter]
 int main(int argc, char** argv)
              ^
CMakeFiles/cmTC_05be2.dir/build.make:65: recipe for target 'CMakeFiles/cmTC_05be2.dir/CheckSymbolExists.c.o' failed
make[1]: *** [CMakeFiles/cmTC_05be2.dir/CheckSymbolExists.c.o] Error 1
make[1]: Leaving directory '/home/jmugicagonz/LaneDetectionV2/build/CMakeFiles/CMakeTmp'
Makefile:126: recipe for target 'cmTC_05be2/fast' failed
make: *** [cmTC_05be2/fast] Error 2

File /home/jmugicagonz/LaneDetectionV2/build/CMakeFiles/CMakeTmp/CheckSymbolExists.c:
/* */
#include <malloc.h>

int main(int argc, char** argv)
{
  (void)argv;
#ifndef _aligned_malloc
  return ((int*)(&_aligned_malloc))[argc];
#else
  (void)argc;
  return 0;
#endif
}

Build output check failed:
    Regex: 'unrecognized .*option'
    Output line: 'cc1: warning: unrecognized command line option ‘-Wno-cast-function-type’'
Compilation failed:
    source file: '/home/jmugicagonz/LaneDetectionV2/build/CMakeFiles/CMakeTmp/src.c'
    check option: ' -Wno-cast-function-type'
===== BUILD LOG =====
Change Dir: /home/jmugicagonz/LaneDetectionV2/build/CMakeFiles/CMakeTmp

Run Build Command:"/usr/bin/make" "cmTC_8c389/fast"
/usr/bin/make -f CMakeFiles/cmTC_8c389.dir/build.make CMakeFiles/cmTC_8c389.dir/build
make[1]: Entering directory '/home/jmugicagonz/LaneDetectionV2/build/CMakeFiles/CMakeTmp'
Building C object CMakeFiles/cmTC_8c389.dir/src.c.o
/usr/bin/cc    -fsigned-char -W -Wall -Werror=return-type -Werror=non-virtual-dtor -Werror=address -Werror=sequence-point -Wformat -Werror=format-security -Wmissing-declarations -Wmissing-prototypes -Winit-self -Wpointer-arith -Wshadow -Wuninitialized -Winit-self -Wno-comment -fdiagnostics-show-option -Wno-long-long -pthread -fomit-frame-pointer -ffunction-sections -fdata-sections  -msse -msse2 -msse3 -fvisibility=hidden -Wno-undef -Wno-strict-prototypes  -O3 -DNDEBUG -fPIE   -Wno-cast-function-type -o CMakeFiles/cmTC_8c389.dir/src.c.o   -c /home/jmugicagonz/LaneDetectionV2/build/CMakeFiles/CMakeTmp/src.c
/home/jmugicagonz/LaneDetectionV2/build/CMakeFiles/CMakeTmp/src.c:1:0: warning: ignoring #pragma   [-Wunknown-pragmas]
 #pragma
 ^
cc1: warning: unrecognized command line option ‘-Wno-cast-function-type’
Linking C executable cmTC_8c389
/usr/bin/cmake -E cmake_link_script CMakeFiles/cmTC_8c389.dir/link.txt --verbose=1
/usr/bin/cc     -fsigned-char -W -Wall -Werror=return-type -Werror=non-virtual-dtor -Werror=address -Werror=sequence-point -Wformat -Werror=format-security -Wmissing-declarations -Wmissing-prototypes -Winit-self -Wpointer-arith -Wshadow -Wuninitialized -Winit-self -Wno-comment -fdiagnostics-show-option -Wno-long-long -pthread -fomit-frame-pointer -ffunction-sections -fdata-sections  -msse -msse2 -msse3 -fvisibility=hidden -Wno-undef -Wno-strict-prototypes  -O3 -DNDEBUG    -Wl,--gc-sections -Wl,--as-needed  CMakeFiles/cmTC_8c389.dir/src.c.o  -o cmTC_8c389 
make[1]: Leaving directory '/home/jmugicagonz/LaneDetectionV2/build/CMakeFiles/CMakeTmp'

===== END =====

Build output check failed:
    Regex: 'unrecognized .*option'
    Output line: 'cc1plus: warning: unrecognized command line option ‘-Wno-misleading-indentation’'
Compilation failed:
    source file: '/home/jmugicagonz/LaneDetectionV2/build/CMakeFiles/CMakeTmp/src.cxx'
    check option: ' -Wno-misleading-indentation'
===== BUILD LOG =====
Change Dir: /home/jmugicagonz/LaneDetectionV2/build/CMakeFiles/CMakeTmp

Run Build Command:"/usr/bin/make" "cmTC_d7eaf/fast"
/usr/bin/make -f CMakeFiles/cmTC_d7eaf.dir/build.make CMakeFiles/cmTC_d7eaf.dir/build
make[1]: Entering directory '/home/jmugicagonz/LaneDetectionV2/build/CMakeFiles/CMakeTmp'
Building CXX object CMakeFiles/cmTC_d7eaf.dir/src.cxx.o
/usr/bin/c++     -fsigned-char -W -Wall -Werror=return-type -Werror=non-virtual-dtor -Werror=address -Werror=sequence-point -Wformat -Werror=format-security -Winit-self -Wpointer-arith -Wsign-promo -Winit-self -Wsuggest-override -Wno-delete-non-virtual-dtor -Wno-comment -fdiagnostics-show-option -Wno-long-long -pthread -fomit-frame-pointer -ffunction-sections -fdata-sections  -msse -msse2 -msse3 -fvisibility=hidden -fvisibility-inlines-hidden -Wno-shadow -Wno-unused -Wno-sign-compare -Wno-undef -Wno-missing-declarations -Wno-uninitialized -Wno-switch -Wno-parentheses -Wno-array-bounds -Wno-extra -Wno-deprecated-declarations  -O3 -DNDEBUG -fPIE   -Wno-misleading-indentation -std=c++11 -o CMakeFiles/cmTC_d7eaf.dir/src.cxx.o -c /home/jmugicagonz/LaneDetectionV2/build/CMakeFiles/CMakeTmp/src.cxx
/home/jmugicagonz/LaneDetectionV2/build/CMakeFiles/CMakeTmp/src.cxx:1:0: warning: ignoring #pragma   [-Wunknown-pragmas]
 #pragma
 ^
cc1plus: warning: unrecognized command line option ‘-Wno-misleading-indentation’
Linking CXX executable cmTC_d7eaf
/usr/bin/cmake -E cmake_link_script CMakeFiles/cmTC_d7eaf.dir/link.txt --verbose=1
/usr/bin/c++      -fsigned-char -W -Wall -Werror=return-type -Werror=non-virtual-dtor -Werror=address -Werror=sequence-point -Wformat -Werror=format-security -Winit-self -Wpointer-arith -Wsign-promo -Winit-self -Wsuggest-override -Wno-delete-non-virtual-dtor -Wno-comment -fdiagnostics-show-option -Wno-long-long -pthread -fomit-frame-pointer -ffunction-sections -fdata-sections  -msse -msse2 -msse3 -fvisibility=hidden -fvisibility-inlines-hidden -Wno-shadow -Wno-unused -Wno-sign-compare -Wno-undef -Wno-missing-declarations -Wno-uninitialized -Wno-switch -Wno-parentheses -Wno-array-bounds -Wno-extra -Wno-deprecated-declarations  -O3 -DNDEBUG    -Wl,--gc-sections -Wl,--as-needed  CMakeFiles/cmTC_d7eaf.dir/src.cxx.o  -o cmTC_d7eaf 
make[1]: Leaving directory '/home/jmugicagonz/LaneDetectionV2/build/CMakeFiles/CMakeTmp'

===== END =====

Build output check failed:
    Regex: 'unrecognized .*option'
    Output line: 'cc1plus: warning: unrecognized command line option ‘-Wno-inconsistent-missing-override’'
Compilation failed:
    source file: '/home/jmugicagonz/LaneDetectionV2/build/CMakeFiles/CMakeTmp/src.cxx'
    check option: ' -Wno-inconsistent-missing-override'
===== BUILD LOG =====
Change Dir: /home/jmugicagonz/LaneDetectionV2/build/CMakeFiles/CMakeTmp

Run Build Command:"/usr/bin/make" "cmTC_1f021/fast"
/usr/bin/make -f CMakeFiles/cmTC_1f021.dir/build.make CMakeFiles/cmTC_1f021.dir/build
make[1]: Entering directory '/home/jmugicagonz/LaneDetectionV2/build/CMakeFiles/CMakeTmp'
Building CXX object CMakeFiles/cmTC_1f021.dir/src.cxx.o
/usr/bin/c++     -fsigned-char -W -Wall -Werror=return-type -Werror=non-virtual-dtor -Werror=address -Werror=sequence-point -Wformat -Werror=format-security -Winit-self -Wpointer-arith -Wsign-promo -Winit-self -Wno-delete-non-virtual-dtor -Wno-comment -fdiagnostics-show-option -Wno-long-long -pthread -fomit-frame-pointer -ffunction-sections -fdata-sections  -msse -msse2 -msse3 -fvisibility=hidden -fvisibility-inlines-hidden -Wno-shadow -Wno-unused -Wno-sign-compare -Wno-undef -Wno-missing-declarations -Wno-uninitialized -Wno-switch -Wno-parentheses -Wno-array-bounds -Wno-extra -Wno-deprecated-declarations -Wno-deprecated -Wno-suggest-override  -O3 -DNDEBUG -fPIE   -Wno-inconsistent-missing-override -std=c++11 -o CMakeFiles/cmTC_1f021.dir/src.cxx.o -c /home/jmugicagonz/LaneDetectionV2/build/CMakeFiles/CMakeTmp/src.cxx
/home/jmugicagonz/LaneDetectionV2/build/CMakeFiles/CMakeTmp/src.cxx:1:0: warning: ignoring #pragma   [-Wunknown-pragmas]
 #pragma
 ^
cc1plus: warning: unrecognized command line option ‘-Wno-inconsistent-missing-override’
Linking CXX executable cmTC_1f021
/usr/bin/cmake -E cmake_link_script CMakeFiles/cmTC_1f021.dir/link.txt --verbose=1
/usr/bin/c++      -fsigned-char -W -Wall -Werror=return-type -Werror=non-virtual-dtor -Werror=address -Werror=sequence-point -Wformat -Werror=format-security -Winit-self -Wpointer-arith -Wsign-promo -Winit-self -Wno-delete-non-virtual-dtor -Wno-comment -fdiagnostics-show-option -Wno-long-long -pthread -fomit-frame-pointer -ffunction-sections -fdata-sections  -msse -msse2 -msse3 -fvisibility=hidden -fvisibility-inlines-hidden -Wno-shadow -Wno-unused -Wno-sign-compare -Wno-undef -Wno-missing-declarations -Wno-uninitialized -Wno-switch -Wno-parentheses -Wno-array-bounds -Wno-extra -Wno-deprecated-declarations -Wno-deprecated -Wno-suggest-override  -O3 -DNDEBUG    -Wl,--gc-sections -Wl,--as-needed  CMakeFiles/cmTC_1f021.dir/src.cxx.o  -o cmTC_1f021 
make[1]: Leaving directory '/home/jmugicagonz/LaneDetectionV2/build/CMakeFiles/CMakeTmp'

===== END =====

Build output check failed:
    Regex: 'unrecognized .*option'
    Output line: 'cc1plus: warning: unrecognized command line option ‘-Wno-implicit-fallthrough’'
Compilation failed:
    source file: '/home/jmugicagonz/LaneDetectionV2/build/CMakeFiles/CMakeTmp/src.cxx'
    check option: ' -Wno-implicit-fallthrough'
===== BUILD LOG =====
Change Dir: /home/jmugicagonz/LaneDetectionV2/build/CMakeFiles/CMakeTmp

Run Build Command:"/usr/bin/make" "cmTC_7df1e/fast"
/usr/bin/make -f CMakeFiles/cmTC_7df1e.dir/build.make CMakeFiles/cmTC_7df1e.dir/build
make[1]: Entering directory '/home/jmugicagonz/LaneDetectionV2/build/CMakeFiles/CMakeTmp'
Building CXX object CMakeFiles/cmTC_7df1e.dir/src.cxx.o
/usr/bin/c++     -fsigned-char -W -Wall -Werror=return-type -Werror=non-virtual-dtor -Werror=address -Werror=sequence-point -Wformat -Werror=format-security -Winit-self -Wpointer-arith -Wsign-promo -Winit-self -Wno-delete-non-virtual-dtor -Wno-comment -fdiagnostics-show-option -Wno-long-long -pthread -fomit-frame-pointer -ffunction-sections -fdata-sections  -msse -msse2 -msse3 -fvisibility=hidden -fvisibility-inlines-hidden -Wno-shadow -Wno-unused -Wno-sign-compare -Wno-undef -Wno-missing-declarations -Wno-uninitialized -Wno-switch -Wno-parentheses -Wno-array-bounds -Wno-extra -Wno-deprecated-declarations -Wno-deprecated -Wno-suggest-override  -O3 -DNDEBUG -fPIE   -Wno-implicit-fallthrough -std=c++11 -o CMakeFiles/cmTC_7df1e.dir/src.cxx.o -c /home/jmugicagonz/LaneDetectionV2/build/CMakeFiles/CMakeTmp/src.cxx
/home/jmugicagonz/LaneDetectionV2/build/CMakeFiles/CMakeTmp/src.cxx:1:0: warning: ignoring #pragma   [-Wunknown-pragmas]
 #pragma
 ^
cc1plus: warning: unrecognized command line option ‘-Wno-implicit-fallthrough’
Linking CXX executable cmTC_7df1e
/usr/bin/cmake -E cmake_link_script CMakeFiles/cmTC_7df1e.dir/link.txt --verbose=1
/usr/bin/c++      -fsigned-char -W -Wall -Werror=return-type -Werror=non-virtual-dtor -Werror=address -Werror=sequence-point -Wformat -Werror=format-security -Winit-self -Wpointer-arith -Wsign-promo -Winit-self -Wno-delete-non-virtual-dtor -Wno-comment -fdiagnostics-show-option -Wno-long-long -pthread -fomit-frame-pointer -ffunction-sections -fdata-sections  -msse -msse2 -msse3 -fvisibility=hidden -fvisibility-inlines-hidden -Wno-shadow -Wno-unused -Wno-sign-compare -Wno-undef -Wno-missing-declarations -Wno-uninitialized -Wno-switch -Wno-parentheses -Wno-array-bounds -Wno-extra -Wno-deprecated-declarations -Wno-deprecated -Wno-suggest-override  -O3 -DNDEBUG    -Wl,--gc-sections -Wl,--as-needed  CMakeFiles/cmTC_7df1e.dir/src.cxx.o  -o cmTC_7df1e 
make[1]: Leaving directory '/home/jmugicagonz/LaneDetectionV2/build/CMakeFiles/CMakeTmp'

===== END =====

Build output check failed:
    Regex: 'unrecognized .*option'
    Output line: 'cc1plus: warning: unrecognized command line option ‘-Wno-tautological-compare’'
Compilation failed:
    source file: '/home/jmugicagonz/LaneDetectionV2/build/CMakeFiles/CMakeTmp/src.cxx'
    check option: ' -Wno-tautological-compare'
===== BUILD LOG =====
Change Dir: /home/jmugicagonz/LaneDetectionV2/build/CMakeFiles/CMakeTmp

Run Build Command:"/usr/bin/make" "cmTC_c733d/fast"
/usr/bin/make -f CMakeFiles/cmTC_c733d.dir/build.make CMakeFiles/cmTC_c733d.dir/build
make[1]: Entering directory '/home/jmugicagonz/LaneDetectionV2/build/CMakeFiles/CMakeTmp'
Building CXX object CMakeFiles/cmTC_c733d.dir/src.cxx.o
/usr/bin/c++     -fsigned-char -W -Wall -Werror=return-type -Werror=non-virtual-dtor -Werror=address -Werror=sequence-point -Wformat -Werror=format-security -Winit-self -Wpointer-arith -Wsign-promo -Winit-self -Wno-delete-non-virtual-dtor -Wno-comment -fdiagnostics-show-option -Wno-long-long -pthread -fomit-frame-pointer -ffunction-sections -fdata-sections  -msse -msse2 -msse3 -fvisibility=hidden -fvisibility-inlines-hidden -Wno-shadow -Wno-unused -Wno-sign-compare -Wno-undef -Wno-missing-declarations -Wno-uninitialized -Wno-switch -Wno-parentheses -Wno-array-bounds -Wno-extra -Wno-deprecated-declarations -Wno-deprecated -Wno-suggest-override  -O3 -DNDEBUG -fPIE   -Wno-tautological-compare -std=c++11 -o CMakeFiles/cmTC_c733d.dir/src.cxx.o -c /home/jmugicagonz/LaneDetectionV2/build/CMakeFiles/CMakeTmp/src.cxx
/home/jmugicagonz/LaneDetectionV2/build/CMakeFiles/CMakeTmp/src.cxx:1:0: warning: ignoring #pragma   [-Wunknown-pragmas]
 #pragma
 ^
cc1plus: warning: unrecognized command line option ‘-Wno-tautological-compare’
Linking CXX executable cmTC_c733d
/usr/bin/cmake -E cmake_link_script CMakeFiles/cmTC_c733d.dir/link.txt --verbose=1
/usr/bin/c++      -fsigned-char -W -Wall -Werror=return-type -Werror=non-virtual-dtor -Werror=address -Werror=sequence-point -Wformat -Werror=format-security -Winit-self -Wpointer-arith -Wsign-promo -Winit-self -Wno-delete-non-virtual-dtor -Wno-comment -fdiagnostics-show-option -Wno-long-long -pthread -fomit-frame-pointer -ffunction-sections -fdata-sections  -msse -msse2 -msse3 -fvisibility=hidden -fvisibility-inlines-hidden -Wno-shadow -Wno-unused -Wno-sign-compare -Wno-undef -Wno-missing-declarations -Wno-uninitialized -Wno-switch -Wno-parentheses -Wno-array-bounds -Wno-extra -Wno-deprecated-declarations -Wno-deprecated -Wno-suggest-override  -O3 -DNDEBUG    -Wl,--gc-sections -Wl,--as-needed  CMakeFiles/cmTC_c733d.dir/src.cxx.o  -o cmTC_c733d 
make[1]: Leaving directory '/home/jmugicagonz/LaneDetectionV2/build/CMakeFiles/CMakeTmp'

===== END =====

Build output check failed:
    Regex: 'command[- ]line option .* is valid for .* but not for C\+\+'
    Output line: 'cc1plus: warning: command line option ‘-Wno-missing-prototypes’ is valid for C/ObjC but not for C++'
Compilation failed:
    source file: '/home/jmugicagonz/LaneDetectionV2/build/CMakeFiles/CMakeTmp/src.cxx'
    check option: ' -Wno-missing-prototypes'
===== BUILD LOG =====
Change Dir: /home/jmugicagonz/LaneDetectionV2/build/CMakeFiles/CMakeTmp

Run Build Command:"/usr/bin/make" "cmTC_4ea6d/fast"
/usr/bin/make -f CMakeFiles/cmTC_4ea6d.dir/build.make CMakeFiles/cmTC_4ea6d.dir/build
make[1]: Entering directory '/home/jmugicagonz/LaneDetectionV2/build/CMakeFiles/CMakeTmp'
Building CXX object CMakeFiles/cmTC_4ea6d.dir/src.cxx.o
/usr/bin/c++     -fsigned-char -W -Wall -Werror=return-type -Werror=non-virtual-dtor -Werror=address -Werror=sequence-point -Wformat -Werror=format-security -Winit-self -Wpointer-arith -Wsign-promo -Winit-self -Wno-delete-non-virtual-dtor -Wno-comment -fdiagnostics-show-option -Wno-long-long -pthread -fomit-frame-pointer -ffunction-sections -fdata-sections  -msse -msse2 -msse3 -fvisibility=hidden -fvisibility-inlines-hidden -Wno-shadow -Wno-unused -Wno-sign-compare -Wno-undef -Wno-missing-declarations -Wno-uninitialized -Wno-switch -Wno-parentheses -Wno-array-bounds -Wno-extra -Wno-deprecated-declarations -Wno-deprecated -Wno-suggest-override  -O3 -DNDEBUG -fPIE   -Wno-missing-prototypes -std=c++11 -o CMakeFiles/cmTC_4ea6d.dir/src.cxx.o -c /home/jmugicagonz/LaneDetectionV2/build/CMakeFiles/CMakeTmp/src.cxx
cc1plus: warning: command line option ‘-Wno-missing-prototypes’ is valid for C/ObjC but not for C++
/home/jmugicagonz/LaneDetectionV2/build/CMakeFiles/CMakeTmp/src.cxx:1:0: warning: ignoring #pragma   [-Wunknown-pragmas]
 #pragma
 ^
Linking CXX executable cmTC_4ea6d
/usr/bin/cmake -E cmake_link_script CMakeFiles/cmTC_4ea6d.dir/link.txt --verbose=1
/usr/bin/c++      -fsigned-char -W -Wall -Werror=return-type -Werror=non-virtual-dtor -Werror=address -Werror=sequence-point -Wformat -Werror=format-security -Winit-self -Wpointer-arith -Wsign-promo -Winit-self -Wno-delete-non-virtual-dtor -Wno-comment -fdiagnostics-show-option -Wno-long-long -pthread -fomit-frame-pointer -ffunction-sections -fdata-sections  -msse -msse2 -msse3 -fvisibility=hidden -fvisibility-inlines-hidden -Wno-shadow -Wno-unused -Wno-sign-compare -Wno-undef -Wno-missing-declarations -Wno-uninitialized -Wno-switch -Wno-parentheses -Wno-array-bounds -Wno-extra -Wno-deprecated-declarations -Wno-deprecated -Wno-suggest-override  -O3 -DNDEBUG    -Wl,--gc-sections -Wl,--as-needed  CMakeFiles/cmTC_4ea6d.dir/src.cxx.o  -o cmTC_4ea6d 
make[1]: Leaving directory '/home/jmugicagonz/LaneDetectionV2/build/CMakeFiles/CMakeTmp'

===== END =====

Build output check failed:
    Regex: 'unrecognized .*option'
    Output line: 'cc1plus: warning: unrecognized command line option ‘-Wno-tautological-undefined-compare’'
Compilation failed:
    source file: '/home/jmugicagonz/LaneDetectionV2/build/CMakeFiles/CMakeTmp/src.cxx'
    check option: ' -Wno-tautological-undefined-compare'
===== BUILD LOG =====
Change Dir: /home/jmugicagonz/LaneDetectionV2/build/CMakeFiles/CMakeTmp

Run Build Command:"/usr/bin/make" "cmTC_074fe/fast"
/usr/bin/make -f CMakeFiles/cmTC_074fe.dir/build.make CMakeFiles/cmTC_074fe.dir/build
make[1]: Entering directory '/home/jmugicagonz/LaneDetectionV2/build/CMakeFiles/CMakeTmp'
Building CXX object CMakeFiles/cmTC_074fe.dir/src.cxx.o
/usr/bin/c++     -fsigned-char -W -Wall -Werror=return-type -Werror=non-virtual-dtor -Werror=address -Werror=sequence-point -Wformat -Werror=format-security -Winit-self -Wpointer-arith -Wuninitialized -Winit-self -Wsuggest-override -Wno-delete-non-virtual-dtor -Wno-comment -fdiagnostics-show-option -Wno-long-long -pthread -fomit-frame-pointer -ffunction-sections -fdata-sections  -msse -msse2 -msse3 -fvisibility=hidden -fvisibility-inlines-hidden -Wno-deprecated -Wno-missing-declarations -Wno-shadow -Wno-unused-parameter -Wno-unused-local-typedefs -Wno-sign-compare -Wno-sign-promo -Wno-undef  -O3 -DNDEBUG -fPIE   -Wno-tautological-undefined-compare -std=c++11 -o CMakeFiles/cmTC_074fe.dir/src.cxx.o -c /home/jmugicagonz/LaneDetectionV2/build/CMakeFiles/CMakeTmp/src.cxx
/home/jmugicagonz/LaneDetectionV2/build/CMakeFiles/CMakeTmp/src.cxx:1:0: warning: ignoring #pragma   [-Wunknown-pragmas]
 #pragma
 ^
cc1plus: warning: unrecognized command line option ‘-Wno-tautological-undefined-compare’
Linking CXX executable cmTC_074fe
/usr/bin/cmake -E cmake_link_script CMakeFiles/cmTC_074fe.dir/link.txt --verbose=1
/usr/bin/c++      -fsigned-char -W -Wall -Werror=return-type -Werror=non-virtual-dtor -Werror=address -Werror=sequence-point -Wformat -Werror=format-security -Winit-self -Wpointer-arith -Wuninitialized -Winit-self -Wsuggest-override -Wno-delete-non-virtual-dtor -Wno-comment -fdiagnostics-show-option -Wno-long-long -pthread -fomit-frame-pointer -ffunction-sections -fdata-sections  -msse -msse2 -msse3 -fvisibility=hidden -fvisibility-inlines-hidden -Wno-deprecated -Wno-missing-declarations -Wno-shadow -Wno-unused-parameter -Wno-unused-local-typedefs -Wno-sign-compare -Wno-sign-promo -Wno-undef  -O3 -DNDEBUG    -Wl,--gc-sections -Wl,--as-needed  CMakeFiles/cmTC_074fe.dir/src.cxx.o  -o cmTC_074fe 
make[1]: Leaving directory '/home/jmugicagonz/LaneDetectionV2/build/CMakeFiles/CMakeTmp'

===== END =====

Build output check failed:
    Regex: 'unrecognized .*option'
    Output line: 'cc1plus: warning: unrecognized command line option ‘-Wno-unused-const-variable’'
Compilation failed:
    source file: '/home/jmugicagonz/LaneDetectionV2/build/CMakeFiles/CMakeTmp/src.cxx'
    check option: ' -Wno-unused-const-variable'
===== BUILD LOG =====
Change Dir: /home/jmugicagonz/LaneDetectionV2/build/CMakeFiles/CMakeTmp

Run Build Command:"/usr/bin/make" "cmTC_b0719/fast"
/usr/bin/make -f CMakeFiles/cmTC_b0719.dir/build.make CMakeFiles/cmTC_b0719.dir/build
make[1]: Entering directory '/home/jmugicagonz/LaneDetectionV2/build/CMakeFiles/CMakeTmp'
Building CXX object CMakeFiles/cmTC_b0719.dir/src.cxx.o
/usr/bin/c++     -fsigned-char -W -Wall -Werror=return-type -Werror=non-virtual-dtor -Werror=address -Werror=sequence-point -Wformat -Werror=format-security -Winit-self -Wpointer-arith -Wuninitialized -Winit-self -Wsuggest-override -Wno-delete-non-virtual-dtor -Wno-comment -fdiagnostics-show-option -Wno-long-long -pthread -fomit-frame-pointer -ffunction-sections -fdata-sections  -msse -msse2 -msse3 -fvisibility=hidden -fvisibility-inlines-hidden -Wno-deprecated -Wno-missing-declarations -Wno-shadow -Wno-unused-parameter -Wno-unused-local-typedefs -Wno-sign-compare -Wno-sign-promo -Wno-undef -Wno-ignored-qualifiers -Wno-extra -Wno-unused-function  -O3 -DNDEBUG -fPIE   -Wno-unused-const-variable -std=c++11 -o CMakeFiles/cmTC_b0719.dir/src.cxx.o -c /home/jmugicagonz/LaneDetectionV2/build/CMakeFiles/CMakeTmp/src.cxx
/home/jmugicagonz/LaneDetectionV2/build/CMakeFiles/CMakeTmp/src.cxx:1:0: warning: ignoring #pragma   [-Wunknown-pragmas]
 #pragma
 ^
cc1plus: warning: unrecognized command line option ‘-Wno-unused-const-variable’
Linking CXX executable cmTC_b0719
/usr/bin/cmake -E cmake_link_script CMakeFiles/cmTC_b0719.dir/link.txt --verbose=1
/usr/bin/c++      -fsigned-char -W -Wall -Werror=return-type -Werror=non-virtual-dtor -Werror=address -Werror=sequence-point -Wformat -Werror=format-security -Winit-self -Wpointer-arith -Wuninitialized -Winit-self -Wsuggest-override -Wno-delete-non-virtual-dtor -Wno-comment -fdiagnostics-show-option -Wno-long-long -pthread -fomit-frame-pointer -ffunction-sections -fdata-sections  -msse -msse2 -msse3 -fvisibility=hidden -fvisibility-inlines-hidden -Wno-deprecated -Wno-missing-declarations -Wno-shadow -Wno-unused-parameter -Wno-unused-local-typedefs -Wno-sign-compare -Wno-sign-promo -Wno-undef -Wno-ignored-qualifiers -Wno-extra -Wno-unused-function  -O3 -DNDEBUG    -Wl,--gc-sections -Wl,--as-needed  CMakeFiles/cmTC_b0719.dir/src.cxx.o  -o cmTC_b0719 
make[1]: Leaving directory '/home/jmugicagonz/LaneDetectionV2/build/CMakeFiles/CMakeTmp'

===== END =====

Build output check failed:
    Regex: 'unrecognized .*option'
    Output line: 'cc1plus: warning: unrecognized command line option ‘-Wno-shorten-64-to-32’'
Compilation failed:
    source file: '/home/jmugicagonz/LaneDetectionV2/build/CMakeFiles/CMakeTmp/src.cxx'
    check option: ' -Wno-shorten-64-to-32'
===== BUILD LOG =====
Change Dir: /home/jmugicagonz/LaneDetectionV2/build/CMakeFiles/CMakeTmp

Run Build Command:"/usr/bin/make" "cmTC_00ba6/fast"
/usr/bin/make -f CMakeFiles/cmTC_00ba6.dir/build.make CMakeFiles/cmTC_00ba6.dir/build
make[1]: Entering directory '/home/jmugicagonz/LaneDetectionV2/build/CMakeFiles/CMakeTmp'
Building CXX object CMakeFiles/cmTC_00ba6.dir/src.cxx.o
/usr/bin/c++     -fsigned-char -W -Wall -Werror=return-type -Werror=non-virtual-dtor -Werror=address -Werror=sequence-point -Wformat -Werror=format-security -Winit-self -Wpointer-arith -Wuninitialized -Winit-self -Wsuggest-override -Wno-delete-non-virtual-dtor -Wno-comment -fdiagnostics-show-option -Wno-long-long -pthread -fomit-frame-pointer -ffunction-sections -fdata-sections  -msse -msse2 -msse3 -fvisibility=hidden -fvisibility-inlines-hidden -Wno-deprecated -Wno-missing-declarations -Wno-shadow -Wno-unused-parameter -Wno-unused-local-typedefs -Wno-sign-compare -Wno-sign-promo -Wno-undef -Wno-ignored-qualifiers -Wno-extra -Wno-unused-function  -O3 -DNDEBUG -fPIE   -Wno-shorten-64-to-32 -std=c++11 -o CMakeFiles/cmTC_00ba6.dir/src.cxx.o -c /home/jmugicagonz/LaneDetectionV2/build/CMakeFiles/CMakeTmp/src.cxx
/home/jmugicagonz/LaneDetectionV2/build/CMakeFiles/CMakeTmp/src.cxx:1:0: warning: ignoring #pragma   [-Wunknown-pragmas]
 #pragma
 ^
cc1plus: warning: unrecognized command line option ‘-Wno-shorten-64-to-32’
Linking CXX executable cmTC_00ba6
/usr/bin/cmake -E cmake_link_script CMakeFiles/cmTC_00ba6.dir/link.txt --verbose=1
/usr/bin/c++      -fsigned-char -W -Wall -Werror=return-type -Werror=non-virtual-dtor -Werror=address -Werror=sequence-point -Wformat -Werror=format-security -Winit-self -Wpointer-arith -Wuninitialized -Winit-self -Wsuggest-override -Wno-delete-non-virtual-dtor -Wno-comment -fdiagnostics-show-option -Wno-long-long -pthread -fomit-frame-pointer -ffunction-sections -fdata-sections  -msse -msse2 -msse3 -fvisibility=hidden -fvisibility-inlines-hidden -Wno-deprecated -Wno-missing-declarations -Wno-shadow -Wno-unused-parameter -Wno-unused-local-typedefs -Wno-sign-compare -Wno-sign-promo -Wno-undef -Wno-ignored-qualifiers -Wno-extra -Wno-unused-function  -O3 -DNDEBUG    -Wl,--gc-sections -Wl,--as-needed  CMakeFiles/cmTC_00ba6.dir/src.cxx.o  -o cmTC_00ba6 
make[1]: Leaving directory '/home/jmugicagonz/LaneDetectionV2/build/CMakeFiles/CMakeTmp'

===== END =====

Build output check failed:
    Regex: 'unrecognized .*option'
    Output line: 'cc1plus: warning: unrecognized command line option ‘-Wno-enum-compare-switch’'
Compilation failed:
    source file: '/home/jmugicagonz/LaneDetectionV2/build/CMakeFiles/CMakeTmp/src.cxx'
    check option: ' -Wno-enum-compare-switch'
===== BUILD LOG =====
Change Dir: /home/jmugicagonz/LaneDetectionV2/build/CMakeFiles/CMakeTmp

Run Build Command:"/usr/bin/make" "cmTC_51621/fast"
/usr/bin/make -f CMakeFiles/cmTC_51621.dir/build.make CMakeFiles/cmTC_51621.dir/build
make[1]: Entering directory '/home/jmugicagonz/LaneDetectionV2/build/CMakeFiles/CMakeTmp'
Building CXX object CMakeFiles/cmTC_51621.dir/src.cxx.o
/usr/bin/c++     -fsigned-char -W -Wall -Werror=return-type -Werror=non-virtual-dtor -Werror=address -Werror=sequence-point -Wformat -Werror=format-security -Winit-self -Wpointer-arith -Wuninitialized -Winit-self -Wsuggest-override -Wno-delete-non-virtual-dtor -Wno-comment -fdiagnostics-show-option -Wno-long-long -pthread -fomit-frame-pointer -ffunction-sections -fdata-sections  -msse -msse2 -msse3 -fvisibility=hidden -fvisibility-inlines-hidden -Wno-deprecated -Wno-missing-declarations -Wno-shadow -Wno-unused-parameter -Wno-unused-local-typedefs -Wno-sign-compare -Wno-sign-promo -Wno-undef -Wno-ignored-qualifiers -Wno-extra -Wno-unused-function -Wno-invalid-offsetof  -O3 -DNDEBUG -fPIE   -Wno-enum-compare-switch -std=c++11 -o CMakeFiles/cmTC_51621.dir/src.cxx.o -c /home/jmugicagonz/LaneDetectionV2/build/CMakeFiles/CMakeTmp/src.cxx
/home/jmugicagonz/LaneDetectionV2/build/CMakeFiles/CMakeTmp/src.cxx:1:0: warning: ignoring #pragma   [-Wunknown-pragmas]
 #pragma
 ^
cc1plus: warning: unrecognized command line option ‘-Wno-enum-compare-switch’
Linking CXX executable cmTC_51621
/usr/bin/cmake -E cmake_link_script CMakeFiles/cmTC_51621.dir/link.txt --verbose=1
/usr/bin/c++      -fsigned-char -W -Wall -Werror=return-type -Werror=non-virtual-dtor -Werror=address -Werror=sequence-point -Wformat -Werror=format-security -Winit-self -Wpointer-arith -Wuninitialized -Winit-self -Wsuggest-override -Wno-delete-non-virtual-dtor -Wno-comment -fdiagnostics-show-option -Wno-long-long -pthread -fomit-frame-pointer -ffunction-sections -fdata-sections  -msse -msse2 -msse3 -fvisibility=hidden -fvisibility-inlines-hidden -Wno-deprecated -Wno-missing-declarations -Wno-shadow -Wno-unused-parameter -Wno-unused-local-typedefs -Wno-sign-compare -Wno-sign-promo -Wno-undef -Wno-ignored-qualifiers -Wno-extra -Wno-unused-function -Wno-invalid-offsetof  -O3 -DNDEBUG    -Wl,--gc-sections -Wl,--as-needed  CMakeFiles/cmTC_51621.dir/src.cxx.o  -o cmTC_51621 
make[1]: Leaving directory '/home/jmugicagonz/LaneDetectionV2/build/CMakeFiles/CMakeTmp'

===== END =====

Build output check failed:
    Regex: 'unrecognized .*option'
    Output line: 'cc1: warning: unrecognized command line option ‘-Wno-implicit-fallthrough’'
Compilation failed:
    source file: '/home/jmugicagonz/LaneDetectionV2/build/CMakeFiles/CMakeTmp/src.c'
    check option: ' -Wno-implicit-fallthrough'
===== BUILD LOG =====
Change Dir: /home/jmugicagonz/LaneDetectionV2/build/CMakeFiles/CMakeTmp

Run Build Command:"/usr/bin/make" "cmTC_9037b/fast"
/usr/bin/make -f CMakeFiles/cmTC_9037b.dir/build.make CMakeFiles/cmTC_9037b.dir/build
make[1]: Entering directory '/home/jmugicagonz/LaneDetectionV2/build/CMakeFiles/CMakeTmp'
Building C object CMakeFiles/cmTC_9037b.dir/src.c.o
/usr/bin/cc    -fsigned-char -W -Wall -Werror=return-type -Werror=non-virtual-dtor -Werror=address -Werror=sequence-point -Wformat -Werror=format-security -Wmissing-declarations -Wmissing-prototypes -Wstrict-prototypes -Wundef -Winit-self -Wpointer-arith -Wshadow -Wuninitialized -Winit-self -Wno-comment -fdiagnostics-show-option -Wno-long-long -pthread -fomit-frame-pointer -ffunction-sections -fdata-sections  -msse -msse2 -msse3 -fvisibility=hidden  -O3 -DNDEBUG -fPIE   -Wno-implicit-fallthrough -o CMakeFiles/cmTC_9037b.dir/src.c.o   -c /home/jmugicagonz/LaneDetectionV2/build/CMakeFiles/CMakeTmp/src.c
/home/jmugicagonz/LaneDetectionV2/build/CMakeFiles/CMakeTmp/src.c:1:0: warning: ignoring #pragma   [-Wunknown-pragmas]
 #pragma
 ^
cc1: warning: unrecognized command line option ‘-Wno-implicit-fallthrough’
Linking C executable cmTC_9037b
/usr/bin/cmake -E cmake_link_script CMakeFiles/cmTC_9037b.dir/link.txt --verbose=1
/usr/bin/cc     -fsigned-char -W -Wall -Werror=return-type -Werror=non-virtual-dtor -Werror=address -Werror=sequence-point -Wformat -Werror=format-security -Wmissing-declarations -Wmissing-prototypes -Wstrict-prototypes -Wundef -Winit-self -Wpointer-arith -Wshadow -Wuninitialized -Winit-self -Wno-comment -fdiagnostics-show-option -Wno-long-long -pthread -fomit-frame-pointer -ffunction-sections -fdata-sections  -msse -msse2 -msse3 -fvisibility=hidden  -O3 -DNDEBUG    -Wl,--gc-sections -Wl,--as-needed  CMakeFiles/cmTC_9037b.dir/src.c.o  -o cmTC_9037b 
make[1]: Leaving directory '/home/jmugicagonz/LaneDetectionV2/build/CMakeFiles/CMakeTmp'

===== END =====

Determining if the include file sys/videoio.h exists failed with the following output:
Change Dir: /home/jmugicagonz/LaneDetectionV2/build/CMakeFiles/CMakeTmp

Run Build Command:"/usr/bin/make" "cmTC_f88b1/fast"
/usr/bin/make -f CMakeFiles/cmTC_f88b1.dir/build.make CMakeFiles/cmTC_f88b1.dir/build
make[1]: Entering directory '/home/jmugicagonz/LaneDetectionV2/build/CMakeFiles/CMakeTmp'
Building C object CMakeFiles/cmTC_f88b1.dir/CheckIncludeFile.c.o
/usr/bin/cc    -fsigned-char -W -Wall -Werror=return-type -Werror=non-virtual-dtor -Werror=address -Werror=sequence-point -Wformat -Werror=format-security -Wmissing-declarations -Wmissing-prototypes -Wstrict-prototypes -Wundef -Winit-self -Wpointer-arith -Wshadow -Wuninitialized -Winit-self -Wno-comment -fdiagnostics-show-option -Wno-long-long -pthread -fomit-frame-pointer -ffunction-sections -fdata-sections  -msse -msse2 -msse3 -fvisibility=hidden  -O3 -DNDEBUG -fPIE   -o CMakeFiles/cmTC_f88b1.dir/CheckIncludeFile.c.o   -c /home/jmugicagonz/LaneDetectionV2/build/CMakeFiles/CMakeTmp/CheckIncludeFile.c
/home/jmugicagonz/LaneDetectionV2/build/CMakeFiles/CMakeTmp/CheckIncludeFile.c:1:25: fatal error: sys/videoio.h: No such file or directory
compilation terminated.
CMakeFiles/cmTC_f88b1.dir/build.make:65: recipe for target 'CMakeFiles/cmTC_f88b1.dir/CheckIncludeFile.c.o' failed
make[1]: *** [CMakeFiles/cmTC_f88b1.dir/CheckIncludeFile.c.o] Error 1
make[1]: Leaving directory '/home/jmugicagonz/LaneDetectionV2/build/CMakeFiles/CMakeTmp'
Makefile:126: recipe for target 'cmTC_f88b1/fast' failed
make: *** [cmTC_f88b1/fast] Error 2


Build output check failed:
    Regex: 'unrecognized .*option'
    Output line: 'cc1plus: warning: unrecognized command line option ‘-Wno-unused-private-field’'
Compilation failed:
    source file: '/home/jmugicagonz/LaneDetectionV2/build/CMakeFiles/CMakeTmp/src.cxx'
    check option: ' -Wno-unused-private-field'
===== BUILD LOG =====
Change Dir: /home/jmugicagonz/LaneDetectionV2/build/CMakeFiles/CMakeTmp

Run Build Command:"/usr/bin/make" "cmTC_3ef81/fast"
/usr/bin/make -f CMakeFiles/cmTC_3ef81.dir/build.make CMakeFiles/cmTC_3ef81.dir/build
make[1]: Entering directory '/home/jmugicagonz/LaneDetectionV2/build/CMakeFiles/CMakeTmp'
Building CXX object CMakeFiles/cmTC_3ef81.dir/src.cxx.o
/usr/bin/c++     -fsigned-char -W -Wall -Werror=return-type -Werror=non-virtual-dtor -Werror=address -Werror=sequence-point -Wformat -Werror=format-security -Wmissing-declarations -Wundef -Winit-self -Wpointer-arith -Wshadow -Wsign-promo -Wuninitialized -Winit-self -Wsuggest-override -Wno-delete-non-virtual-dtor -Wno-comment -fdiagnostics-show-option -Wno-long-long -pthread -fomit-frame-pointer -ffunction-sections -fdata-sections  -msse -msse2 -msse3 -fvisibility=hidden -fvisibility-inlines-hidden -Wno-unused-function -Wno-deprecated-declarations -Wno-overloaded-virtual  -O3 -DNDEBUG -fPIE   -Wno-unused-private-field -std=c++11 -o CMakeFiles/cmTC_3ef81.dir/src.cxx.o -c /home/jmugicagonz/LaneDetectionV2/build/CMakeFiles/CMakeTmp/src.cxx
/home/jmugicagonz/LaneDetectionV2/build/CMakeFiles/CMakeTmp/src.cxx:1:0: warning: ignoring #pragma   [-Wunknown-pragmas]
 #pragma
 ^
cc1plus: warning: unrecognized command line option ‘-Wno-unused-private-field’
Linking CXX executable cmTC_3ef81
/usr/bin/cmake -E cmake_link_script CMakeFiles/cmTC_3ef81.dir/link.txt --verbose=1
/usr/bin/c++      -fsigned-char -W -Wall -Werror=return-type -Werror=non-virtual-dtor -Werror=address -Werror=sequence-point -Wformat -Werror=format-security -Wmissing-declarations -Wundef -Winit-self -Wpointer-arith -Wshadow -Wsign-promo -Wuninitialized -Winit-self -Wsuggest-override -Wno-delete-non-virtual-dtor -Wno-comment -fdiagnostics-show-option -Wno-long-long -pthread -fomit-frame-pointer -ffunction-sections -fdata-sections  -msse -msse2 -msse3 -fvisibility=hidden -fvisibility-inlines-hidden -Wno-unused-function -Wno-deprecated-declarations -Wno-overloaded-virtual  -O3 -DNDEBUG    -Wl,--gc-sections -Wl,--as-needed  CMakeFiles/cmTC_3ef81.dir/src.cxx.o  -o cmTC_3ef81 
make[1]: Leaving directory '/home/jmugicagonz/LaneDetectionV2/build/CMakeFiles/CMakeTmp'

===== END =====

